<?xml version="1.0" encoding="UTF-8"?>
<!-- Generated by org.testng.reporters.JUnitXMLReporter -->
<testsuite ignored="0" hostname="BINTERNS-QA25L" failures="0" tests="11" name="Test" time="43.299" errors="0" timestamp="2023-05-09T14:38:16 IST">
  <testcase classname="tests.Product_Drop_Down_List_Test" name="Login" time="0.045"/>
  <testcase classname="tests.Product_Drop_Down_List_Test" name="Dashboard_Heading" time="0.095"/>
  <testcase classname="tests.Product_Drop_Down_List_Test" name="Catalog_Icon_Click_and_Product_Page" time="2.79"/>
  <testcase classname="tests.Product_Drop_Down_List_Test" name="Add_New_Product_Button" time="9.997"/>
  <testcase classname="tests.Product_Drop_Down_List_Test" name="Product_Search_and_Select_Checkbox" time="4.261"/>
  <testcase classname="tests.Product_Drop_Down_List_Test" name="Product_image_upload" time="1.262"/>
  <testcase classname="tests.Product_Drop_Down_List_Test" name="Product_updated_successfully" time="1.654"/>
  <testcase classname="tests.Product_Drop_Down_List_Test" name="Catalog_PDF_Download" time="0.846"/>
  <testcase classname="tests.Product_Drop_Down_List_Test" name="Export_button" time="0.866"/>
  <testcase classname="tests.Product_Drop_Down_List_Test" name="Delete_Button" time="2.663"/>
  <testcase classname="tests.Product_Drop_Down_List_Test" name="Log_Out" time="2.031"/>
</testsuite> <!-- Test -->
