<?xml version="1.0" encoding="UTF-8"?>
<testng-results ignored="0" total="1" passed="1" failed="0" skipped="0">
  <reporter-output>
  </reporter-output>
  <suite started-at="2023-05-12T16:48:04 IST" name="Surefire suite" finished-at="2023-05-12T16:48:12 IST" duration-ms="8482">
    <groups>
    </groups>
    <test started-at="2023-05-12T16:48:04 IST" name="Surefire test" finished-at="2023-05-12T16:48:12 IST" duration-ms="8482">
      <class name="tests.Login_Page_Test">
        <test-method is-config="true" signature="setup()[pri:0, instance:tests.Login_Page_Test@193f604a]" started-at="2023-05-12T16:48:04 IST" name="setup" finished-at="2023-05-12T16:48:08 IST" duration-ms="4378" status="PASS">
          <reporter-output>
          </reporter-output>
        </test-method> <!-- setup -->
        <test-method signature="valid_login()[pri:1, instance:tests.Login_Page_Test@193f604a]" started-at="2023-05-12T16:48:08 IST" name="valid_login" finished-at="2023-05-12T16:48:12 IST" duration-ms="4080" status="PASS">
          <reporter-output>
          </reporter-output>
        </test-method> <!-- valid_login -->
      </class> <!-- tests.Login_Page_Test -->
    </test> <!-- Surefire test -->
  </suite> <!-- Surefire suite -->
</testng-results>
