<?xml version="1.0" encoding="UTF-8"?>
<testng-results ignored="0" total="9" passed="9" failed="0" skipped="0">
  <reporter-output>
  </reporter-output>
  <suite started-at="2023-05-12T16:43:29 IST" name="Default suite" finished-at="2023-05-12T16:43:56 IST" duration-ms="27053">
    <groups>
    </groups>
    <test started-at="2023-05-12T16:43:29 IST" name="Default test" finished-at="2023-05-12T16:43:56 IST" duration-ms="27053">
      <class name="tests.Product_Drop_Down_List_Test">
        <test-method is-config="true" signature="report_path()[pri:0, instance:tests.Product_Drop_Down_List_Test@7161d8d1]" started-at="2023-05-12T16:43:29 IST" name="report_path" finished-at="2023-05-12T16:43:29 IST" duration-ms="105" status="PASS">
          <reporter-output>
          </reporter-output>
        </test-method> <!-- report_path -->
        <test-method is-config="true" signature="setup1()[pri:0, instance:tests.Product_Drop_Down_List_Test@7161d8d1]" started-at="2023-05-12T16:43:29 IST" name="setup1" finished-at="2023-05-12T16:43:37 IST" duration-ms="7632" status="PASS">
          <reporter-output>
          </reporter-output>
        </test-method> <!-- setup1 -->
        <test-method signature="Login()[pri:1, instance:tests.Product_Drop_Down_List_Test@7161d8d1]" started-at="2023-05-12T16:43:37 IST" name="Login" finished-at="2023-05-12T16:43:37 IST" duration-ms="13" status="PASS">
          <reporter-output>
          </reporter-output>
        </test-method> <!-- Login -->
        <test-method signature="Dashboard_Heading()[pri:2, instance:tests.Product_Drop_Down_List_Test@7161d8d1]" started-at="2023-05-12T16:43:37 IST" name="Dashboard_Heading" finished-at="2023-05-12T16:43:37 IST" depends-on-methods="tests.Product_Drop_Down_List_Test.Login" duration-ms="29" status="PASS">
          <reporter-output>
          </reporter-output>
        </test-method> <!-- Dashboard_Heading -->
        <test-method signature="Catalog_Icon_Click_and_Product_Page()[pri:3, instance:tests.Product_Drop_Down_List_Test@7161d8d1]" started-at="2023-05-12T16:43:37 IST" name="Catalog_Icon_Click_and_Product_Page" finished-at="2023-05-12T16:43:38 IST" depends-on-methods="tests.Product_Drop_Down_List_Test.Login" duration-ms="1335" status="PASS">
          <reporter-output>
          </reporter-output>
        </test-method> <!-- Catalog_Icon_Click_and_Product_Page -->
        <test-method signature="Add_New_Product_Button()[pri:4, instance:tests.Product_Drop_Down_List_Test@7161d8d1]" started-at="2023-05-12T16:43:38 IST" name="Add_New_Product_Button" finished-at="2023-05-12T16:43:44 IST" depends-on-methods="tests.Product_Drop_Down_List_Test.Catalog_Icon_Click_and_Product_Page" duration-ms="6171" status="PASS">
          <reporter-output>
          </reporter-output>
        </test-method> <!-- Add_New_Product_Button -->
        <test-method signature="Product_Search_and_Select_Checkbox()[pri:5, instance:tests.Product_Drop_Down_List_Test@7161d8d1]" started-at="2023-05-12T16:43:44 IST" name="Product_Search_and_Select_Checkbox" finished-at="2023-05-12T16:43:48 IST" depends-on-methods="tests.Product_Drop_Down_List_Test.Add_New_Product_Button" duration-ms="4239" status="PASS">
          <reporter-output>
          </reporter-output>
        </test-method> <!-- Product_Search_and_Select_Checkbox -->
        <test-method signature="Product_image_upload()[pri:6, instance:tests.Product_Drop_Down_List_Test@7161d8d1]" started-at="2023-05-12T16:43:48 IST" name="Product_image_upload" finished-at="2023-05-12T16:43:50 IST" depends-on-methods="tests.Product_Drop_Down_List_Test.Product_Search_and_Select_Checkbox" duration-ms="1234" status="PASS">
          <reporter-output>
          </reporter-output>
        </test-method> <!-- Product_image_upload -->
        <test-method signature="Product_updated_successfully()[pri:7, instance:tests.Product_Drop_Down_List_Test@7161d8d1]" started-at="2023-05-12T16:43:50 IST" name="Product_updated_successfully" finished-at="2023-05-12T16:43:51 IST" depends-on-methods="tests.Product_Drop_Down_List_Test.Product_image_upload" duration-ms="1433" status="PASS">
          <reporter-output>
          </reporter-output>
        </test-method> <!-- Product_updated_successfully -->
        <test-method signature="Delete_Button()[pri:10, instance:tests.Product_Drop_Down_List_Test@7161d8d1]" started-at="2023-05-12T16:43:51 IST" name="Delete_Button" finished-at="2023-05-12T16:43:54 IST" depends-on-methods="tests.Product_Drop_Down_List_Test.Add_New_Product_Button" duration-ms="2673" status="PASS">
          <reporter-output>
          </reporter-output>
        </test-method> <!-- Delete_Button -->
        <test-method signature="Log_Out()[pri:11, instance:tests.Product_Drop_Down_List_Test@7161d8d1]" started-at="2023-05-12T16:43:54 IST" name="Log_Out" finished-at="2023-05-12T16:43:56 IST" depends-on-methods="tests.Product_Drop_Down_List_Test.Catalog_Icon_Click_and_Product_Page" duration-ms="1858" status="PASS">
          <reporter-output>
          </reporter-output>
        </test-method> <!-- Log_Out -->
        <test-method is-config="true" signature="reportend()[pri:0, instance:tests.Product_Drop_Down_List_Test@7161d8d1]" started-at="2023-05-12T16:43:56 IST" name="reportend" finished-at="2023-05-12T16:43:56 IST" duration-ms="291" status="PASS">
          <reporter-output>
          </reporter-output>
        </test-method> <!-- reportend -->
      </class> <!-- tests.Product_Drop_Down_List_Test -->
    </test> <!-- Default test -->
  </suite> <!-- Default suite -->
</testng-results>
