<?xml version="1.0" encoding="UTF-8"?>
<testng-results ignored="1" total="4" passed="3" failed="0" skipped="0">
  <reporter-output>
  </reporter-output>
  <suite started-at="2023-05-11T16:31:06 IST" name="Default suite" finished-at="2023-05-11T16:31:19 IST" duration-ms="13743">
    <groups>
    </groups>
    <test started-at="2023-05-11T16:31:06 IST" name="Default test" finished-at="2023-05-11T16:31:19 IST" duration-ms="13743">
      <class name="tests.Orders_Page_Test">
        <test-method is-config="true" signature="report_path()[pri:0, instance:tests.Orders_Page_Test@7161d8d1]" started-at="2023-05-11T16:31:06 IST" name="report_path" finished-at="2023-05-11T16:31:06 IST" duration-ms="151" status="PASS">
          <reporter-output>
          </reporter-output>
        </test-method> <!-- report_path -->
        <test-method is-config="true" signature="setup1()[pri:0, instance:tests.Orders_Page_Test@7161d8d1]" started-at="2023-05-11T16:31:06 IST" name="setup1" finished-at="2023-05-11T16:31:16 IST" duration-ms="10461" status="PASS">
          <reporter-output>
          </reporter-output>
        </test-method> <!-- setup1 -->
        <test-method signature="Login()[pri:1, instance:tests.Orders_Page_Test@7161d8d1]" started-at="2023-05-11T16:31:16 IST" name="Login" finished-at="2023-05-11T16:31:16 IST" duration-ms="41" status="PASS">
          <reporter-output>
          </reporter-output>
        </test-method> <!-- Login -->
        <test-method signature="Sales_Icon_Click_and_Order_Page()[pri:3, instance:tests.Orders_Page_Test@7161d8d1]" started-at="2023-05-11T16:31:16 IST" name="Sales_Icon_Click_and_Order_Page" finished-at="2023-05-11T16:31:19 IST" depends-on-methods="tests.Orders_Page_Test.Login" duration-ms="2279" status="PASS">
          <reporter-output>
          </reporter-output>
        </test-method> <!-- Sales_Icon_Click_and_Order_Page -->
        <test-method signature="Date_Selection_and_Product_Search()[pri:4, instance:tests.Orders_Page_Test@7161d8d1]" started-at="2023-05-11T16:31:19 IST" name="Date_Selection_and_Product_Search" finished-at="2023-05-11T16:31:19 IST" depends-on-methods="tests.Orders_Page_Test.Sales_Icon_Click_and_Order_Page" duration-ms="155" status="PASS">
          <reporter-output>
          </reporter-output>
        </test-method> <!-- Date_Selection_and_Product_Search -->
        <test-method is-config="true" signature="reportend()[pri:0, instance:tests.Orders_Page_Test@7161d8d1]" started-at="2023-05-11T16:31:19 IST" name="reportend" finished-at="2023-05-11T16:31:19 IST" duration-ms="589" status="PASS">
          <reporter-output>
          </reporter-output>
        </test-method> <!-- reportend -->
      </class> <!-- tests.Orders_Page_Test -->
    </test> <!-- Default test -->
  </suite> <!-- Default suite -->
</testng-results>
